<?xml version="1.0" encoding="UTF-8" ?>
<testsuite errors="0" failures="0" hostname="Seraphiel" name="WeightTest" skipped="0" tests="8" time="0.197" timestamp="2016-11-20T16:59:26">
  <properties>
    <property name="java.vendor" value="Oracle Corporation" />
    <property name="coverage.summaryxml.dir" value="C:\Users\Vandesir\CS\CS 390K\BalanceWeightSystem\coverage\reports\cobertura-summary-xml" />
    <property name="sun.java.launcher" value="SUN_STANDARD" />
    <property name="coverage.reports.dir" value="C:\Users\Vandesir\CS\CS 390K\BalanceWeightSystem\coverage\reports" />
    <property name="sun.management.compiler" value="HotSpot 64-Bit Tiered Compilers" />
    <property name="dist" value="C:\Users\Vandesir\CS\CS 390K\BalanceWeightSystem\dist" />
    <property name="lib" value="C:\Users\Vandesir\CS\CS 390K\BalanceWeightSystem\lib" />
    <property name="os.name" value="Windows 10" />
    <property name="sun.boot.class.path" value="C:\Program Files\Java\jdk1.8.0_60\jre\lib\resources.jar;C:\Program Files\Java\jdk1.8.0_60\jre\lib\rt.jar;C:\Program Files\Java\jdk1.8.0_60\jre\lib\sunrsasign.jar;C:\Program Files\Java\jdk1.8.0_60\jre\lib\jsse.jar;C:\Program Files\Java\jdk1.8.0_60\jre\lib\jce.jar;C:\Program Files\Java\jdk1.8.0_60\jre\lib\charsets.jar;C:\Program Files\Java\jdk1.8.0_60\jre\lib\jfr.jar;C:\Program Files\Java\jdk1.8.0_60\jre\classes" />
    <property name="TODAY" value="November 20 2016" />
    <property name="sun.desktop" value="windows" />
    <property name="java.vm.specification.vendor" value="Oracle Corporation" />
    <property name="ant.home" value="C:\Program Files (x86)\JetBrains\IntelliJ IDEA Community Edition 2016.1.4\lib\ant" />
    <property name="java.runtime.version" value="1.8.0_60-b27" />
    <property name="cobertura.dir" value="C:\Users\Vandesir\CS\CS 390K\BalanceWeightSystem\lib\cobertura" />
    <property name="user.name" value="Vandesir" />
    <property name="reports" value="C:\Users\Vandesir\CS\CS 390K\BalanceWeightSystem\test\reports" />
    <property name="user.language" value="en" />
    <property name="build" value="C:\Users\Vandesir\CS\CS 390K\BalanceWeightSystem\build" />
    <property name="coverage.reports.junit.html.dir" value="C:\Users\Vandesir\CS\CS 390K\BalanceWeightSystem\coverage\reports\junit-html" />
    <property name="sun.boot.library.path" value="C:\Program Files\Java\jdk1.8.0_60\jre\bin" />
    <property name="ant.project.default-target" value="all" />
    <property name="ant.project.name" value="Generic Build" />
    <property name="DSTAMP" value="20161120" />
    <property name="java.version" value="1.8.0_60" />
    <property name="coverage.html.dir" value="C:\Users\Vandesir\CS\CS 390K\BalanceWeightSystem\coverage\reports\cobertura-html" />
    <property name="version" value="$Revision: 165 $" />
    <property name="user.timezone" value="" />
    <property name="sun.arch.data.model" value="64" />
    <property name="java.endorsed.dirs" value="C:\Program Files\Java\jdk1.8.0_60\jre\lib\endorsed" />
    <property name="doc" value="C:\Users\Vandesir\CS\CS 390K\BalanceWeightSystem\doc" />
    <property name="sun.cpu.isalist" value="amd64" />
    <property name="sun.jnu.encoding" value="Cp1252" />
    <property name="file.encoding.pkg" value="sun.io" />
    <property name="file.separator" value="\" />
    <property name="java.specification.name" value="Java Platform API Specification" />
    <property name="stylecheck" value="C:\Users\Vandesir\CS\CS 390K\BalanceWeightSystem\stylecheck" />
    <property name="classes.dir" value="C:\Users\Vandesir\CS\CS 390K\BalanceWeightSystem\coverage\classes" />
    <property name="java.class.version" value="52.0" />
    <property name="src" value="C:\Users\Vandesir\CS\CS 390K\BalanceWeightSystem\src" />
    <property name="user.country" value="US" />
    <property name="java.home" value="C:\Program Files\Java\jdk1.8.0_60\jre" />
    <property name="java.vm.info" value="mixed mode" />
    <property name="ant.file" value="C:\Users\Vandesir\CS\CS 390K\BalanceWeightSystem\build.xml" />
    <property name="os.version" value="10.0" />
    <property name="path.separator" value=";" />
    <property name="java.vm.version" value="25.60-b23" />
    <property name="user.variant" value="" />
    <property name="ant.library.dir" value="C:\Program Files (x86)\JetBrains\IntelliJ IDEA Community Edition 2016.1.4\lib\ant\lib" />
    <property name="java.awt.printerjob" value="sun.awt.windows.WPrinterJob" />
    <property name="sun.io.unicode.encoding" value="UnicodeLittle" />
    <property name="awt.toolkit" value="sun.awt.windows.WToolkit" />
    <property name="ant.file.Generic Build" value="C:\Users\Vandesir\CS\CS 390K\BalanceWeightSystem\build.xml" />
    <property name="user.script" value="" />
    <property name="coverage.dir" value="C:\Users\Vandesir\CS\CS 390K\BalanceWeightSystem\coverage" />
    <property name="user.home" value="C:\Users\Vandesir" />
    <property name="java.specification.vendor" value="Oracle Corporation" />
    <property name="test" value="C:\Users\Vandesir\CS\CS 390K\BalanceWeightSystem\test" />
    <property name="coverage.xml.dir" value="C:\Users\Vandesir\CS\CS 390K\BalanceWeightSystem\coverage\reports\cobertura-xml" />
    <property name="java.library.path" value="C:\Program Files\Java\jdk1.8.0_60\jre\bin;C:\WINDOWS\Sun\Java\bin;C:\WINDOWS\system32;C:\WINDOWS;C:\ProgramData\Oracle\Java\javapath;C:\Program Files\Java\jdk1.8.0_60\bin\;C:\Program Files (x86)\Intel\iCLS Client\;C:\Program Files\Intel\iCLS Client\;C:\Program Files (x86)\NVIDIA Corporation\PhysX\Common;C:\Windows\system32;C:\Windows;C:\Windows\System32\Wbem;C:\Windows\System32\WindowsPowerShell\v1.0\;C:\Program Files\Intel\Intel(R) Management Engine Components\DAL;C:\Program Files (x86)\Intel\Intel(R) Management Engine Components\DAL;C:\Program Files\Intel\Intel(R) Management Engine Components\IPT;C:\Program Files (x86)\Intel\Intel(R) Management Engine Components\IPT;C:\Program Files (x86)\Acer\abFiles\;C:\Program Files (x86)\MiKTeX\miktex\bin\;D:\Git\cmd;C:\Program Files (x86)\Skype\Phone\;C:\WINDOWS\system32;C:\WINDOWS;C:\WINDOWS\System32\Wbem;C:\WINDOWS\System32\WindowsPowerShell\v1.0\;C:\Program Files\TortoiseSVN\bin;C:\Program Files\SlikSvn\bin;C:\Program Files (x86)\scala\bin;C:\Program Files (x86)\sbt\bin;C:\Program Files\nodejs\;C:\Program Files (x86)\Elm Platform\0.17.1\bin;C:\Program Files\SlikSvn\bin;C:\Program Files (x86)\scala\bin;C:\apache-ant-1.9.7\bin;C:\Users\Vandesir\AppData\Local\Microsoft\WindowsApps;C:\Program Files\gs\gs9.20\bin;C:\Program Files\gs\gs9.20\lib;C:\Users\Vandesir\.lein\bin;." />
    <property name="java.vendor.url" value="http://java.oracle.com/" />
    <property name="java.vm.vendor" value="Oracle Corporation" />
    <property name="java.runtime.name" value="Java(TM) SE Runtime Environment" />
    <property name="sun.java.command" value="org.apache.tools.ant.taskdefs.optional.junit.JUnitTestRunner WeightTest skipNonTests=false filtertrace=true haltOnError=false haltOnFailure=false formatter=org.apache.tools.ant.taskdefs.optional.junit.OutErrSummaryJUnitResultFormatter showoutput=true outputtoformatters=true logfailedtests=true threadid=0 logtestlistenerevents=false formatter=org.apache.tools.ant.taskdefs.optional.junit.XMLJUnitResultFormatter,C:\Users\Vandesir\CS\CS 390K\BalanceWeightSystem\test\reports\TEST-WeightTest.xml formatter=org.apache.tools.ant.taskdefs.optional.junit.PlainJUnitResultFormatter formatter=org.apache.tools.ant.taskdefs.optional.junit.PlainJUnitResultFormatter,C:\Users\Vandesir\CS\CS 390K\BalanceWeightSystem\test\reports\TEST-WeightTest.txt crashfile=C:\Users\Vandesir\CS\CS 390K\BalanceWeightSystem\junitvmwatcher8881382419008021295.properties propsfile=C:\Users\Vandesir\CS\CS 390K\BalanceWeightSystem\junit8994604737556381413.properties" />
    <property name="java.class.path" value="C:\Users\Vandesir\CS\CS 390K\BalanceWeightSystem\lib\checkstyle.jar;C:\Users\Vandesir\CS\CS 390K\BalanceWeightSystem\lib\cobertura\asm-5.0.1.jar;C:\Users\Vandesir\CS\CS 390K\BalanceWeightSystem\lib\cobertura\asm-analysis-5.0.1.jar;C:\Users\Vandesir\CS\CS 390K\BalanceWeightSystem\lib\cobertura\asm-commons-5.0.1.jar;C:\Users\Vandesir\CS\CS 390K\BalanceWeightSystem\lib\cobertura\asm-tree-5.0.1.jar;C:\Users\Vandesir\CS\CS 390K\BalanceWeightSystem\lib\cobertura\asm-util-5.0.1.jar;C:\Users\Vandesir\CS\CS 390K\BalanceWeightSystem\lib\cobertura\cobertura-2.1.1.jar;C:\Users\Vandesir\CS\CS 390K\BalanceWeightSystem\lib\cobertura\commons-lang3-3.3.2.jar;C:\Users\Vandesir\CS\CS 390K\BalanceWeightSystem\lib\cobertura\logback-classic-1.0.13.jar;C:\Users\Vandesir\CS\CS 390K\BalanceWeightSystem\lib\cobertura\logback-core-1.0.13.jar;C:\Users\Vandesir\CS\CS 390K\BalanceWeightSystem\lib\cobertura\oro-2.0.8.jar;C:\Users\Vandesir\CS\CS 390K\BalanceWeightSystem\lib\cobertura\slf4j-api-1.7.5.jar;C:\Users\Vandesir\CS\CS 390K\BalanceWeightSystem\lib\hamcrest-core.jar;C:\Users\Vandesir\CS\CS 390K\BalanceWeightSystem\lib\junit-prev.jar;C:\Users\Vandesir\CS\CS 390K\BalanceWeightSystem\lib\junit.jar;C:\Users\Vandesir\CS\CS 390K\BalanceWeightSystem\build;C:\Program Files (x86)\JetBrains\IntelliJ IDEA Community Edition 2016.1.4\lib\ant\lib\ant-launcher.jar;C:\Program Files (x86)\JetBrains\IntelliJ IDEA Community Edition 2016.1.4\lib\ant\lib\ant.jar;C:\Program Files (x86)\JetBrains\IntelliJ IDEA Community Edition 2016.1.4\lib\ant\lib\ant-junit.jar;C:\Program Files (x86)\JetBrains\IntelliJ IDEA Community Edition 2016.1.4\lib\ant\lib\ant-junit4.jar" />
    <property name="ant.version" value="Apache Ant(TM) version 1.9.4 compiled on April 29 2014" />
    <property name="TSTAMP" value="0959" />
    <property name="java.vm.specification.name" value="Java Virtual Machine Specification" />
    <property name="ant.file.type" value="file" />
    <property name="java.vm.specification.version" value="1.8" />
    <property name="ant.file.type.Generic Build" value="file" />
    <property name="sun.os.patch.level" value="" />
    <property name="sun.cpu.endian" value="little" />
    <property name="java.io.tmpdir" value="C:\Users\Vandesir\AppData\Local\Temp\" />
    <property name="coverage.reports.junit.xml.dir" value="C:\Users\Vandesir\CS\CS 390K\BalanceWeightSystem\coverage\reports\junit-xml" />
    <property name="java.vendor.url.bug" value="http://bugreport.sun.com/bugreport/" />
    <property name="instrumented.dir" value="C:\Users\Vandesir\CS\CS 390K\BalanceWeightSystem\coverage\instrumented" />
    <property name="java.awt.graphicsenv" value="sun.awt.Win32GraphicsEnvironment" />
    <property name="os.arch" value="amd64" />
    <property name="java.ext.dirs" value="C:\Program Files\Java\jdk1.8.0_60\jre\lib\ext;C:\WINDOWS\Sun\Java\lib\ext" />
    <property name="user.dir" value="C:\Users\Vandesir\CS\CS 390K\BalanceWeightSystem" />
    <property name="line.separator" value="&#xd;&#xa;" />
    <property name="java.vm.name" value="Java HotSpot(TM) 64-Bit Server VM" />
    <property name="basedir" value="C:\Users\Vandesir\CS\CS 390K\BalanceWeightSystem" />
    <property name="ant.java.version" value="1.8" />
    <property name="ant.core.lib" value="C:\Program Files (x86)\JetBrains\IntelliJ IDEA Community Edition 2016.1.4\lib\ant\lib\ant.jar" />
    <property name="file.encoding" value="Cp1252" />
    <property name="java.specification.version" value="1.8" />
    <property name="ant.project.invoked-targets" value="test" />
  </properties>
  <testcase classname="WeightTest" name="constructorTest" time="0.002" />
  <testcase classname="WeightTest" name="zeroConstructorException" time="0.0" />
  <testcase classname="WeightTest" name="compareToTest" time="0.0" />
  <testcase classname="WeightTest" name="getValueTest" time="0.0" />
  <testcase classname="WeightTest" name="equalsTest" time="0.0" />
  <testcase classname="WeightTest" name="toStringTest" time="0.0" />
  <testcase classname="WeightTest" name="hashCodeTest" time="0.0" />
  <testcase classname="WeightTest" name="negativeConstructorException" time="0.0" />
  <system-out><![CDATA[]]></system-out>
  <system-err><![CDATA[]]></system-err>
</testsuite>
